2021-05-01 23:38:27.336	info	main                       	Version info	{"gitCommit": "7567f83", "versionTag": "v0.9.10", "buildType": "release"}
2021-05-01 23:38:27.338	info	deej.config                	Loaded config successfully
2021-05-01 23:38:27.338	info	deej.config                	Config values	{"sliderMapping": "<5 sliders mapped to 7 targets>", "connectionInfo": {"COMPort":"COM14","BaudRate":9600}, "invertSliders": false}
2021-05-01 23:38:27.403	info	deej.sessions              	Got all audio sessions successfully	{"sessionMap": "<14 audio sessions>"}
2021-05-01 23:38:27.475	info	deej                       	Run loop starting
2021-05-01 23:38:27.475	warn	deej.serial                	Failed to open serial connection	{"error": "Access is denied."}
2021-05-01 23:38:27.475	warn	deej                       	Failed to start first-time serial connection	{"error": "open serial connection: Access is denied."}
2021-05-01 23:38:27.475	warn	deej                       	Serial port seems busy, notifying user and closing	{"comPort": "COM14"}
2021-05-01 23:38:27.476	info	deej.notifier              	Sending toast notification	{"title": "Can't connect to COM14!", "message": "This serial port is busy, make sure to close any serial monitor or other deej instance."}
2021-05-01 23:38:27.885	info	deej                       	Stopping
2021-05-01 23:38:35.851	info	main                       	Version info	{"gitCommit": "7567f83", "versionTag": "v0.9.10", "buildType": "release"}
2021-05-01 23:38:35.854	info	deej.config                	Loaded config successfully
2021-05-01 23:38:35.854	info	deej.config                	Config values	{"sliderMapping": "<5 sliders mapped to 7 targets>", "connectionInfo": {"COMPort":"COM14","BaudRate":9600}, "invertSliders": false}
2021-05-01 23:38:35.915	info	deej.sessions              	Got all audio sessions successfully	{"sessionMap": "<14 audio sessions>"}
2021-05-01 23:38:35.972	info	deej                       	Run loop starting
2021-05-01 23:38:35.978	info	deej.serial.com14          	Connected	{"conn": {}}
2021-05-01 23:38:36.020	info	deej.serial.com14          	Detected sliders	{"amount": 4}
2021-05-01 23:38:48.143	info	deej.sessions              	Got all audio sessions successfully	{"sessionMap": "<14 audio sessions>"}
2021-05-01 23:38:57.421	info	deej.sessions              	Got all audio sessions successfully	{"sessionMap": "<14 audio sessions>"}
2021-05-01 23:39:02.584	info	deej.sessions              	Got all audio sessions successfully	{"sessionMap": "<14 audio sessions>"}
2021-05-01 23:39:09.209	info	deej.sessions              	Got all audio sessions successfully	{"sessionMap": "<14 audio sessions>"}
2021-05-01 23:39:14.295	info	deej.sessions              	Got all audio sessions successfully	{"sessionMap": "<14 audio sessions>"}
2021-05-01 23:39:44.132	info	deej.sessions              	Got all audio sessions successfully	{"sessionMap": "<14 audio sessions>"}
2021-05-01 23:40:06.451	info	deej.sessions              	Got all audio sessions successfully	{"sessionMap": "<14 audio sessions>"}
2021-05-01 23:40:11.637	info	deej.sessions              	Got all audio sessions successfully	{"sessionMap": "<14 audio sessions>"}
2021-05-01 23:40:42.548	info	deej.sessions              	Got all audio sessions successfully	{"sessionMap": "<14 audio sessions>"}
2021-05-01 23:40:48.112	info	deej.sessions              	Got all audio sessions successfully	{"sessionMap": "<14 audio sessions>"}
2021-05-01 23:40:53.607	info	deej.sessions              	Got all audio sessions successfully	{"sessionMap": "<14 audio sessions>"}
2021-05-01 23:40:59.188	info	deej.sessions              	Got all audio sessions successfully	{"sessionMap": "<14 audio sessions>"}
2021-05-01 23:41:25.805	info	deej.sessions              	Got all audio sessions successfully	{"sessionMap": "<14 audio sessions>"}
2021-05-01 23:42:01.966	info	deej.config                	Loaded config successfully
2021-05-01 23:42:01.966	info	deej.config                	Config values	{"sliderMapping": "<4 sliders mapped to 7 targets>", "connectionInfo": {"COMPort":"COM14","BaudRate":9600}, "invertSliders": false}
2021-05-01 23:42:01.966	info	deej.config                	Reloaded config successfully
2021-05-01 23:42:01.967	info	deej.notifier              	Sending toast notification	{"title": "Configuration reloaded!", "message": "Your changes have been applied."}
2021-05-01 23:42:02.387	info	deej.sessions              	Detected config reload, attempting to re-acquire all audio sessions
2021-05-01 23:42:02.443	info	deej.sessions              	Got all audio sessions successfully	{"sessionMap": "<14 audio sessions>"}
2021-05-01 23:42:02.513	info	deej.serial.com14          	Detected sliders	{"amount": 4}
2021-05-01 23:42:03.038	info	deej.config                	Loaded config successfully
2021-05-01 23:42:03.038	info	deej.config                	Config values	{"sliderMapping": "<4 sliders mapped to 7 targets>", "connectionInfo": {"COMPort":"COM14","BaudRate":9600}, "invertSliders": false}
2021-05-01 23:42:03.038	info	deej.config                	Reloaded config successfully
2021-05-01 23:42:03.038	info	deej.notifier              	Sending toast notification	{"title": "Configuration reloaded!", "message": "Your changes have been applied."}
2021-05-01 23:42:03.435	info	deej.sessions              	Detected config reload, attempting to re-acquire all audio sessions
2021-05-01 23:42:03.518	info	deej.serial.com14          	Detected sliders	{"amount": 4}
2021-05-01 23:46:08.408	info	deej.tray                  	Quit menu item clicked, stopping
2021-05-01 23:46:08.408	info	deej                       	Stopping
2021-05-02 01:02:30.324	info	main                       	Version info	{"gitCommit": "7567f83", "versionTag": "v0.9.10", "buildType": "release"}
2021-05-02 01:02:30.326	info	deej.config                	Loaded config successfully
2021-05-02 01:02:30.326	info	deej.config                	Config values	{"sliderMapping": "<4 sliders mapped to 7 targets>", "connectionInfo": {"COMPort":"COM14","BaudRate":9600}, "invertSliders": false}
2021-05-02 01:02:30.387	info	deej.sessions              	Got all audio sessions successfully	{"sessionMap": "<14 audio sessions>"}
2021-05-02 01:02:30.465	info	deej                       	Run loop starting
2021-05-02 01:02:30.472	info	deej.serial.com14          	Connected	{"conn": {}}
2021-05-02 01:02:30.479	info	deej.serial.com14          	Detected sliders	{"amount": 4}
2021-05-02 01:03:26.254	info	deej.sessions              	Got all audio sessions successfully	{"sessionMap": "<14 audio sessions>"}
2021-05-02 01:03:55.223	info	deej.sessions              	Got all audio sessions successfully	{"sessionMap": "<14 audio sessions>"}
2021-05-02 01:04:01.607	info	deej.sessions              	Got all audio sessions successfully	{"sessionMap": "<14 audio sessions>"}
2021-05-02 01:04:08.222	info	deej.sessions              	Got all audio sessions successfully	{"sessionMap": "<14 audio sessions>"}
2021-05-02 01:04:14.065	info	deej.sessions              	Got all audio sessions successfully	{"sessionMap": "<14 audio sessions>"}
2021-05-02 01:04:19.186	info	deej.sessions              	Got all audio sessions successfully	{"sessionMap": "<14 audio sessions>"}
2021-05-02 01:04:24.253	info	deej.sessions              	Got all audio sessions successfully	{"sessionMap": "<14 audio sessions>"}
2021-05-02 01:04:39.965	info	deej.sessions              	Got all audio sessions successfully	{"sessionMap": "<15 audio sessions>"}
2021-05-02 01:05:40.258	info	deej.sessions              	Got all audio sessions successfully	{"sessionMap": "<15 audio sessions>"}
2021-05-02 01:06:56.140	info	deej.sessions              	Got all audio sessions successfully	{"sessionMap": "<15 audio sessions>"}
2021-05-02 01:07:06.681	info	deej.sessions              	Got all audio sessions successfully	{"sessionMap": "<15 audio sessions>"}
2021-05-02 01:08:52.690	info	deej.sessions              	Got all audio sessions successfully	{"sessionMap": "<15 audio sessions>"}
2021-05-02 01:10:59.980	info	deej.sessions              	Got all audio sessions successfully	{"sessionMap": "<14 audio sessions>"}
2021-05-02 01:11:15.597	info	deej.sessions              	Got all audio sessions successfully	{"sessionMap": "<14 audio sessions>"}
2021-05-02 01:11:28.690	info	deej.sessions              	Got all audio sessions successfully	{"sessionMap": "<14 audio sessions>"}
2021-05-02 01:12:07.186	info	deej.sessions              	Got all audio sessions successfully	{"sessionMap": "<14 audio sessions>"}
2021-05-02 01:12:16.674	info	deej.sessions              	Got all audio sessions successfully	{"sessionMap": "<14 audio sessions>"}
2021-05-02 01:12:22.502	info	deej.sessions              	Got all audio sessions successfully	{"sessionMap": "<14 audio sessions>"}
2021-05-02 01:13:17.108	info	deej.sessions              	Got all audio sessions successfully	{"sessionMap": "<14 audio sessions>"}
2021-05-02 01:14:33.683	info	deej.sessions              	Got all audio sessions successfully	{"sessionMap": "<14 audio sessions>"}
2021-05-02 01:34:39.218	info	deej.tray                  	Refresh sessions menu item clicked, triggering session map refresh
2021-05-02 01:34:39.256	info	deej.sessions              	Got all audio sessions successfully	{"sessionMap": "<14 audio sessions>"}
2021-05-02 01:34:41.035	info	deej.tray                  	Edit config menu item clicked, opening config for editing
2021-05-02 01:35:07.099	info	deej.tray                  	Quit menu item clicked, stopping
2021-05-02 01:35:07.099	info	deej                       	Stopping
2021-05-02 01:35:20.269	info	main                       	Version info	{"gitCommit": "7567f83", "versionTag": "v0.9.10", "buildType": "release"}
2021-05-02 01:35:20.271	info	deej.config                	Loaded config successfully
2021-05-02 01:35:20.271	info	deej.config                	Config values	{"sliderMapping": "<4 sliders mapped to 7 targets>", "connectionInfo": {"COMPort":"COM14","BaudRate":9600}, "invertSliders": false}
2021-05-02 01:35:20.332	info	deej.sessions              	Got all audio sessions successfully	{"sessionMap": "<14 audio sessions>"}
2021-05-02 01:35:20.394	info	deej                       	Run loop starting
2021-05-02 01:35:20.400	info	deej.serial.com14          	Connected	{"conn": {}}
2021-05-02 01:35:20.437	info	deej.serial.com14          	Detected sliders	{"amount": 4}
2021-05-02 01:35:30.495	info	deej.sessions              	Got all audio sessions successfully	{"sessionMap": "<14 audio sessions>"}
2021-05-02 01:35:50.328	info	deej.sessions              	Got all audio sessions successfully	{"sessionMap": "<14 audio sessions>"}
2021-05-02 01:36:00.213	info	deej.sessions              	Got all audio sessions successfully	{"sessionMap": "<14 audio sessions>"}
2021-05-02 01:42:18.342	info	deej.sessions              	Got all audio sessions successfully	{"sessionMap": "<15 audio sessions>"}
2021-05-02 01:44:58.948	info	deej.sessions              	Got all audio sessions successfully	{"sessionMap": "<17 audio sessions>"}
2021-05-02 01:45:44.511	info	deej.sessions              	Got all audio sessions successfully	{"sessionMap": "<17 audio sessions>"}
2021-05-02 01:47:21.292	info	deej.sessions              	Got all audio sessions successfully	{"sessionMap": "<17 audio sessions>"}
2021-05-02 01:53:05.006	info	deej.config                	Loaded config successfully
2021-05-02 01:53:05.006	info	deej.config                	Config values	{"sliderMapping": "<4 sliders mapped to 7 targets>", "connectionInfo": {"COMPort":"COM14","BaudRate":9600}, "invertSliders": false}
2021-05-02 01:53:05.006	info	deej.config                	Reloaded config successfully
2021-05-02 01:53:05.006	info	deej.notifier              	Sending toast notification	{"title": "Configuration reloaded!", "message": "Your changes have been applied."}
2021-05-02 01:53:05.474	info	deej.sessions              	Detected config reload, attempting to re-acquire all audio sessions
2021-05-02 01:53:05.528	info	deej.config                	Loaded config successfully
2021-05-02 01:53:05.528	info	deej.config                	Config values	{"sliderMapping": "<4 sliders mapped to 7 targets>", "connectionInfo": {"COMPort":"COM14","BaudRate":9600}, "invertSliders": false}
2021-05-02 01:53:05.528	info	deej.config                	Reloaded config successfully
2021-05-02 01:53:05.528	info	deej.notifier              	Sending toast notification	{"title": "Configuration reloaded!", "message": "Your changes have been applied."}
2021-05-02 01:53:05.582	info	deej.sessions              	Got all audio sessions successfully	{"sessionMap": "<17 audio sessions>"}
2021-05-02 01:53:05.593	info	deej.serial.com14          	Detected sliders	{"amount": 4}
2021-05-02 01:53:05.971	info	deej.sessions              	Detected config reload, attempting to re-acquire all audio sessions
2021-05-02 01:53:06.095	info	deej.serial.com14          	Detected sliders	{"amount": 4}
2021-05-02 01:53:31.576	info	deej.sessions              	Got all audio sessions successfully	{"sessionMap": "<17 audio sessions>"}
2021-05-02 01:54:00.597	info	deej.sessions              	Got all audio sessions successfully	{"sessionMap": "<17 audio sessions>"}
2021-05-02 01:54:27.234	info	deej.sessions              	Got all audio sessions successfully	{"sessionMap": "<17 audio sessions>"}
2021-05-02 01:55:37.732	info	deej.tray                  	Quit menu item clicked, stopping
2021-05-02 01:55:37.732	info	deej                       	Stopping
2021-05-02 02:13:00.724	info	main                       	Version info	{"gitCommit": "7567f83", "versionTag": "v0.9.10", "buildType": "release"}
2021-05-02 02:13:00.726	info	deej.config                	Loaded config successfully
2021-05-02 02:13:00.726	info	deej.config                	Config values	{"sliderMapping": "<4 sliders mapped to 7 targets>", "connectionInfo": {"COMPort":"COM14","BaudRate":9600}, "invertSliders": false}
2021-05-02 02:13:00.822	info	deej.sessions              	Got all audio sessions successfully	{"sessionMap": "<22 audio sessions>"}
2021-05-02 02:13:00.893	info	deej                       	Run loop starting
2021-05-02 02:13:00.900	info	deej.serial.com14          	Connected	{"conn": {}}
2021-05-02 02:13:00.983	info	deej.serial.com14          	Detected sliders	{"amount": 4}
2021-05-02 02:19:47.437	info	deej.tray                  	Quit menu item clicked, stopping
2021-05-02 02:19:47.437	info	deej                       	Stopping
2021-05-02 02:20:16.639	info	main                       	Version info	{"gitCommit": "7567f83", "versionTag": "v0.9.10", "buildType": "release"}
2021-05-02 02:20:16.642	info	deej.config                	Loaded config successfully
2021-05-02 02:20:16.642	info	deej.config                	Config values	{"sliderMapping": "<4 sliders mapped to 7 targets>", "connectionInfo": {"COMPort":"COM14","BaudRate":9600}, "invertSliders": false}
2021-05-02 02:20:16.724	info	deej.sessions              	Got all audio sessions successfully	{"sessionMap": "<20 audio sessions>"}
2021-05-02 02:20:16.800	info	deej                       	Run loop starting
2021-05-02 02:20:16.807	info	deej.serial.com14          	Connected	{"conn": {}}
2021-05-02 02:20:16.892	info	deej.serial.com14          	Detected sliders	{"amount": 4}
2021-05-02 02:20:40.019	info	deej.sessions              	Got all audio sessions successfully	{"sessionMap": "<20 audio sessions>"}
2021-05-02 02:27:04.499	info	deej.sessions              	Got all audio sessions successfully	{"sessionMap": "<20 audio sessions>"}
2021-05-02 02:27:27.974	info	deej.sessions              	Got all audio sessions successfully	{"sessionMap": "<20 audio sessions>"}
2021-05-02 02:28:23.935	info	deej.sessions              	Got all audio sessions successfully	{"sessionMap": "<20 audio sessions>"}
2021-05-02 02:29:30.039	info	deej.sessions              	Got all audio sessions successfully	{"sessionMap": "<19 audio sessions>"}
2021-05-02 02:29:35.073	warn	deej.session_finder        	CoInitializeEx failed with E_FALSE due to redundant invocation
2021-05-02 02:29:35.126	info	deej.sessions              	Got all audio sessions successfully	{"sessionMap": "<19 audio sessions>"}
2021-05-02 02:46:37.090	info	deej.sessions              	Got all audio sessions successfully	{"sessionMap": "<19 audio sessions>"}
2021-05-02 02:47:22.733	info	deej.sessions              	Got all audio sessions successfully	{"sessionMap": "<19 audio sessions>"}
2021-05-02 03:00:51.785	info	deej.sessions              	Got all audio sessions successfully	{"sessionMap": "<19 audio sessions>"}
2021-05-02 03:22:12.556	info	deej.sessions              	Got all audio sessions successfully	{"sessionMap": "<20 audio sessions>"}
2021-05-02 13:32:03.061	info	main                       	Version info	{"gitCommit": "7567f83", "versionTag": "v0.9.10", "buildType": "release"}
2021-05-02 13:32:03.064	info	deej.config                	Loaded config successfully
2021-05-02 13:32:03.064	info	deej.config                	Config values	{"sliderMapping": "<4 sliders mapped to 7 targets>", "connectionInfo": {"COMPort":"COM14","BaudRate":9600}, "invertSliders": false}
2021-05-02 13:32:03.194	info	deej.sessions              	Got all audio sessions successfully	{"sessionMap": "<22 audio sessions>"}
2021-05-02 13:32:03.308	info	deej                       	Run loop starting
2021-05-02 13:32:03.312	info	deej.serial.com14          	Connected	{"conn": {}}
2021-05-02 13:32:03.320	info	deej.serial.com14          	Detected sliders	{"amount": 4}
2021-05-02 13:32:37.562	info	deej.sessions              	Got all audio sessions successfully	{"sessionMap": "<25 audio sessions>"}
2021-05-02 13:32:54.332	warn	deej.sessions.master       	Session expired because default device has changed, triggering session refresh
2021-05-02 13:32:54.332	warn	deej.sessions              	Failed to set target session volume	{"error": "Trigger session refresh"}
2021-05-02 13:32:54.413	info	deej.sessions              	Got all audio sessions successfully	{"sessionMap": "<20 audio sessions>"}
2021-05-02 13:34:59.537	info	deej.sessions              	Got all audio sessions successfully	{"sessionMap": "<14 audio sessions>"}
2021-05-02 15:06:39.604	info	deej.sessions              	Got all audio sessions successfully	{"sessionMap": "<14 audio sessions>"}
2021-05-02 15:10:04.440	info	deej.sessions              	Got all audio sessions successfully	{"sessionMap": "<14 audio sessions>"}
2021-05-02 16:24:21.721	info	deej.sessions              	Got all audio sessions successfully	{"sessionMap": "<15 audio sessions>"}
2021-05-02 16:25:06.784	info	deej.sessions              	Got all audio sessions successfully	{"sessionMap": "<14 audio sessions>"}
2021-05-02 17:22:24.420	info	deej.sessions              	Got all audio sessions successfully	{"sessionMap": "<15 audio sessions>"}
2021-05-02 17:36:56.723	info	deej.sessions              	Got all audio sessions successfully	{"sessionMap": "<14 audio sessions>"}
2021-05-02 17:39:34.299	info	deej.sessions              	Got all audio sessions successfully	{"sessionMap": "<14 audio sessions>"}
2021-05-02 18:59:34.643	info	deej.sessions              	Got all audio sessions successfully	{"sessionMap": "<14 audio sessions>"}
2021-05-02 21:37:27.057	info	deej.sessions              	Got all audio sessions successfully	{"sessionMap": "<15 audio sessions>"}
2021-05-02 21:47:25.649	info	deej.sessions              	Got all audio sessions successfully	{"sessionMap": "<14 audio sessions>"}
2021-05-02 21:50:19.919	info	deej.sessions              	Got all audio sessions successfully	{"sessionMap": "<14 audio sessions>"}
2021-05-02 22:32:46.411	info	deej.sessions              	Got all audio sessions successfully	{"sessionMap": "<14 audio sessions>"}
2021-05-02 23:19:11.654	info	deej.sessions              	Got all audio sessions successfully	{"sessionMap": "<15 audio sessions>"}
2021-05-02 23:19:57.139	info	deej.sessions              	Got all audio sessions successfully	{"sessionMap": "<15 audio sessions>"}
2021-05-02 23:27:59.718	info	deej.sessions              	Got all audio sessions successfully	{"sessionMap": "<14 audio sessions>"}
2021-05-02 23:31:39.886	info	deej.sessions              	Got all audio sessions successfully	{"sessionMap": "<14 audio sessions>"}
2021-05-02 23:51:38.435	info	deej.sessions              	Got all audio sessions successfully	{"sessionMap": "<15 audio sessions>"}
2021-05-02 23:54:16.113	info	deej.sessions              	Got all audio sessions successfully	{"sessionMap": "<14 audio sessions>"}
2021-05-03 01:20:44.513	info	deej.sessions              	Got all audio sessions successfully	{"sessionMap": "<14 audio sessions>"}
2021-05-03 01:21:15.085	info	deej.sessions              	Got all audio sessions successfully	{"sessionMap": "<14 audio sessions>"}
2021-05-03 01:21:20.146	info	deej.sessions              	Got all audio sessions successfully	{"sessionMap": "<14 audio sessions>"}
2021-05-03 01:24:15.479	info	deej.sessions              	Got all audio sessions successfully	{"sessionMap": "<14 audio sessions>"}
2021-05-03 01:26:51.926	info	deej.sessions              	Got all audio sessions successfully	{"sessionMap": "<14 audio sessions>"}
2021-05-03 01:42:25.189	info	deej.sessions              	Got all audio sessions successfully	{"sessionMap": "<18 audio sessions>"}
2021-05-03 01:42:45.535	info	deej.sessions              	Got all audio sessions successfully	{"sessionMap": "<18 audio sessions>"}
2021-05-03 01:58:02.340	info	deej.sessions              	Got all audio sessions successfully	{"sessionMap": "<20 audio sessions>"}
2021-05-03 02:03:03.057	info	deej.sessions              	Got all audio sessions successfully	{"sessionMap": "<20 audio sessions>"}
2021-05-03 02:11:21.865	info	deej.sessions              	Got all audio sessions successfully	{"sessionMap": "<19 audio sessions>"}
2021-05-03 02:26:12.333	info	deej.sessions              	Got all audio sessions successfully	{"sessionMap": "<19 audio sessions>"}
2021-05-03 02:26:57.667	info	deej.sessions              	Got all audio sessions successfully	{"sessionMap": "<19 audio sessions>"}
2021-05-03 02:28:47.864	info	deej.sessions              	Got all audio sessions successfully	{"sessionMap": "<19 audio sessions>"}
2021-05-03 02:28:53.411	info	deej.sessions              	Got all audio sessions successfully	{"sessionMap": "<19 audio sessions>"}
2021-05-03 02:28:58.994	info	deej.sessions              	Got all audio sessions successfully	{"sessionMap": "<19 audio sessions>"}
2021-05-03 02:29:06.347	info	deej.sessions              	Got all audio sessions successfully	{"sessionMap": "<19 audio sessions>"}
2021-05-03 02:29:12.778	info	deej.sessions              	Got all audio sessions successfully	{"sessionMap": "<19 audio sessions>"}
2021-05-03 02:29:57.857	info	deej.sessions              	Got all audio sessions successfully	{"sessionMap": "<19 audio sessions>"}
2021-05-03 02:31:03.208	info	deej.sessions              	Got all audio sessions successfully	{"sessionMap": "<19 audio sessions>"}
2021-05-03 02:34:02.148	info	deej.tray                  	Quit menu item clicked, stopping
2021-05-03 02:34:02.149	info	deej                       	Stopping
2021-05-03 02:35:09.370	info	main                       	Version info	{"gitCommit": "7567f83", "versionTag": "v0.9.10", "buildType": "release"}
2021-05-03 02:35:09.384	info	deej.config                	Loaded config successfully
2021-05-03 02:35:09.384	info	deej.config                	Config values	{"sliderMapping": "<4 sliders mapped to 7 targets>", "connectionInfo": {"COMPort":"COM14","BaudRate":9600}, "invertSliders": false}
2021-05-03 02:35:09.483	info	deej.sessions              	Got all audio sessions successfully	{"sessionMap": "<20 audio sessions>"}
2021-05-03 02:35:09.567	info	deej                       	Run loop starting
2021-05-03 02:35:09.575	info	deej.serial.com14          	Connected	{"conn": {}}
2021-05-03 02:35:09.592	info	deej.serial.com14          	Detected sliders	{"amount": 4}
2021-05-03 02:35:30.655	info	deej.sessions              	Got all audio sessions successfully	{"sessionMap": "<19 audio sessions>"}
2021-05-03 02:35:44.148	info	deej.sessions              	Got all audio sessions successfully	{"sessionMap": "<19 audio sessions>"}
2021-05-03 02:36:33.113	info	deej.sessions              	Got all audio sessions successfully	{"sessionMap": "<19 audio sessions>"}
2021-05-03 02:49:03.453	info	deej.sessions              	Got all audio sessions successfully	{"sessionMap": "<20 audio sessions>"}
2021-05-03 02:56:46.688	info	deej.sessions              	Got all audio sessions successfully	{"sessionMap": "<20 audio sessions>"}
2021-05-03 02:58:55.433	info	deej.sessions              	Got all audio sessions successfully	{"sessionMap": "<20 audio sessions>"}
2021-05-03 12:11:42.631	info	main                       	Version info	{"gitCommit": "7567f83", "versionTag": "v0.9.10", "buildType": "release"}
2021-05-03 12:11:42.703	info	deej.config                	Loaded config successfully
2021-05-03 12:11:42.705	info	deej.config                	Config values	{"sliderMapping": "<4 sliders mapped to 7 targets>", "connectionInfo": {"COMPort":"COM14","BaudRate":9600}, "invertSliders": false}
2021-05-03 12:11:43.066	info	deej.sessions              	Got all audio sessions successfully	{"sessionMap": "<22 audio sessions>"}
2021-05-03 12:11:43.197	info	deej                       	Run loop starting
2021-05-03 12:11:43.199	info	deej.serial.com14          	Connected	{"conn": {}}
2021-05-03 12:11:43.258	info	deej.serial.com14          	Detected sliders	{"amount": 4}
2021-05-03 14:55:42.783	info	deej.sessions              	Got all audio sessions successfully	{"sessionMap": "<17 audio sessions>"}
2021-05-03 14:58:25.204	info	deej.sessions              	Got all audio sessions successfully	{"sessionMap": "<14 audio sessions>"}
2021-05-03 15:05:51.677	info	deej.sessions              	Got all audio sessions successfully	{"sessionMap": "<14 audio sessions>"}
2021-05-03 15:09:01.973	info	deej.sessions              	Got all audio sessions successfully	{"sessionMap": "<14 audio sessions>"}
2021-05-03 15:12:45.736	info	deej.sessions              	Got all audio sessions successfully	{"sessionMap": "<14 audio sessions>"}
2021-05-03 15:17:05.258	info	deej.sessions              	Got all audio sessions successfully	{"sessionMap": "<14 audio sessions>"}
2021-05-03 15:28:06.996	info	deej.sessions              	Got all audio sessions successfully	{"sessionMap": "<15 audio sessions>"}
2021-05-03 15:33:52.619	info	deej.sessions              	Got all audio sessions successfully	{"sessionMap": "<14 audio sessions>"}
2021-05-03 15:40:20.941	info	deej.sessions              	Got all audio sessions successfully	{"sessionMap": "<14 audio sessions>"}
2021-05-03 17:58:53.332	info	deej.sessions              	Got all audio sessions successfully	{"sessionMap": "<18 audio sessions>"}
2021-05-03 22:38:50.813	info	deej.sessions              	Got all audio sessions successfully	{"sessionMap": "<15 audio sessions>"}
2021-05-03 22:44:36.689	info	deej.sessions              	Got all audio sessions successfully	{"sessionMap": "<16 audio sessions>"}
2021-05-03 22:46:57.445	info	deej.sessions              	Got all audio sessions successfully	{"sessionMap": "<16 audio sessions>"}
2021-05-03 22:52:02.308	info	deej.sessions              	Got all audio sessions successfully	{"sessionMap": "<16 audio sessions>"}
2021-05-03 23:06:37.040	info	deej.sessions              	Got all audio sessions successfully	{"sessionMap": "<16 audio sessions>"}
2021-05-03 23:18:27.955	info	deej.sessions              	Got all audio sessions successfully	{"sessionMap": "<16 audio sessions>"}
2021-05-04 00:35:37.381	info	deej.sessions              	Got all audio sessions successfully	{"sessionMap": "<18 audio sessions>"}
2021-05-04 00:50:38.665	info	deej.sessions              	Got all audio sessions successfully	{"sessionMap": "<27 audio sessions>"}
2021-05-04 00:55:23.500	info	deej.sessions              	Got all audio sessions successfully	{"sessionMap": "<21 audio sessions>"}
2021-05-04 01:02:04.514	info	deej.sessions              	Got all audio sessions successfully	{"sessionMap": "<21 audio sessions>"}
2021-05-04 01:33:28.883	info	deej.sessions              	Got all audio sessions successfully	{"sessionMap": "<22 audio sessions>"}
2021-05-04 01:33:54.814	info	deej.sessions              	Got all audio sessions successfully	{"sessionMap": "<22 audio sessions>"}
2021-05-04 01:51:14.675	info	deej.sessions              	Got all audio sessions successfully	{"sessionMap": "<21 audio sessions>"}
2021-05-04 02:23:19.103	info	deej.sessions              	Got all audio sessions successfully	{"sessionMap": "<20 audio sessions>"}
2021-05-04 02:25:38.670	info	deej.sessions              	Got all audio sessions successfully	{"sessionMap": "<20 audio sessions>"}
2021-05-04 02:32:36.287	info	deej.sessions              	Got all audio sessions successfully	{"sessionMap": "<16 audio sessions>"}
2021-05-04 10:30:13.838	info	main                       	Version info	{"gitCommit": "7567f83", "versionTag": "v0.9.10", "buildType": "release"}
2021-05-04 10:30:13.872	info	deej.config                	Loaded config successfully
2021-05-04 10:30:13.872	info	deej.config                	Config values	{"sliderMapping": "<4 sliders mapped to 7 targets>", "connectionInfo": {"COMPort":"COM14","BaudRate":9600}, "invertSliders": false}
2021-05-04 10:30:14.002	info	deej.sessions              	Got all audio sessions successfully	{"sessionMap": "<22 audio sessions>"}
2021-05-04 10:30:14.079	info	deej                       	Run loop starting
2021-05-04 10:30:14.080	info	deej.serial.com14          	Connected	{"conn": {}}
2021-05-04 10:30:14.171	info	deej.serial.com14          	Detected sliders	{"amount": 4}
2021-05-04 10:35:05.940	info	deej.sessions              	Got all audio sessions successfully	{"sessionMap": "<17 audio sessions>"}
2021-05-04 16:37:05.823	info	deej.sessions              	Got all audio sessions successfully	{"sessionMap": "<17 audio sessions>"}
2021-05-04 18:12:11.896	info	deej.sessions              	Got all audio sessions successfully	{"sessionMap": "<20 audio sessions>"}
2021-05-04 18:14:22.908	info	deej.sessions              	Got all audio sessions successfully	{"sessionMap": "<20 audio sessions>"}
2021-05-04 19:02:52.486	info	deej.sessions              	Got all audio sessions successfully	{"sessionMap": "<20 audio sessions>"}
2021-05-04 19:25:11.014	info	deej.sessions              	Got all audio sessions successfully	{"sessionMap": "<18 audio sessions>"}
2021-05-05 01:35:53.772	info	deej.sessions              	Got all audio sessions successfully	{"sessionMap": "<18 audio sessions>"}
2021-05-05 02:24:32.054	info	deej.sessions              	Got all audio sessions successfully	{"sessionMap": "<18 audio sessions>"}
2021-05-05 02:54:20.344	info	deej.sessions              	Got all audio sessions successfully	{"sessionMap": "<21 audio sessions>"}
2021-05-05 02:55:26.068	info	deej.sessions              	Got all audio sessions successfully	{"sessionMap": "<23 audio sessions>"}
2021-05-05 02:59:03.081	info	deej.sessions              	Got all audio sessions successfully	{"sessionMap": "<22 audio sessions>"}
2021-05-05 03:00:26.292	info	deej.sessions              	Got all audio sessions successfully	{"sessionMap": "<22 audio sessions>"}
2021-05-05 13:00:03.225	info	main                       	Version info	{"gitCommit": "7567f83", "versionTag": "v0.9.10", "buildType": "release"}
2021-05-05 13:00:03.239	info	deej.config                	Loaded config successfully
2021-05-05 13:00:03.239	info	deej.config                	Config values	{"sliderMapping": "<4 sliders mapped to 7 targets>", "connectionInfo": {"COMPort":"COM14","BaudRate":9600}, "invertSliders": false}
2021-05-05 13:00:03.469	info	deej.sessions              	Got all audio sessions successfully	{"sessionMap": "<26 audio sessions>"}
2021-05-05 13:00:03.591	info	deej                       	Run loop starting
2021-05-05 13:00:03.592	info	deej.serial.com14          	Connected	{"conn": {}}
2021-05-05 13:00:03.645	info	deej.serial.com14          	Detected sliders	{"amount": 4}
2021-05-05 13:45:01.169	info	deej.sessions              	Got all audio sessions successfully	{"sessionMap": "<14 audio sessions>"}
2021-05-05 14:22:55.811	info	deej.sessions              	Got all audio sessions successfully	{"sessionMap": "<14 audio sessions>"}
2021-05-06 02:28:12.123	info	deej.sessions              	Got all audio sessions successfully	{"sessionMap": "<15 audio sessions>"}
2021-05-06 02:29:43.237	info	deej.sessions              	Got all audio sessions successfully	{"sessionMap": "<15 audio sessions>"}
2021-05-06 03:28:21.694	info	deej.sessions              	Got all audio sessions successfully	{"sessionMap": "<27 audio sessions>"}
2021-05-06 03:30:20.198	info	deej.sessions              	Got all audio sessions successfully	{"sessionMap": "<20 audio sessions>"}
2021-05-06 10:30:58.598	info	main                       	Version info	{"gitCommit": "7567f83", "versionTag": "v0.9.10", "buildType": "release"}
2021-05-06 10:30:58.610	info	deej.config                	Loaded config successfully
2021-05-06 10:30:58.610	info	deej.config                	Config values	{"sliderMapping": "<4 sliders mapped to 7 targets>", "connectionInfo": {"COMPort":"COM14","BaudRate":9600}, "invertSliders": false}
2021-05-06 10:30:58.825	info	deej.sessions              	Got all audio sessions successfully	{"sessionMap": "<26 audio sessions>"}
2021-05-06 10:30:58.919	info	deej                       	Run loop starting
2021-05-06 10:30:58.921	info	deej.serial.com14          	Connected	{"conn": {}}
2021-05-06 10:30:58.965	info	deej.serial.com14          	Detected sliders	{"amount": 4}
2021-05-06 10:35:08.195	info	deej.sessions              	Got all audio sessions successfully	{"sessionMap": "<14 audio sessions>"}
2021-05-06 10:38:56.008	info	deej.sessions              	Got all audio sessions successfully	{"sessionMap": "<14 audio sessions>"}
2021-05-06 11:19:48.066	info	deej.sessions              	Got all audio sessions successfully	{"sessionMap": "<15 audio sessions>"}
2021-05-06 11:38:00.982	info	deej.sessions              	Got all audio sessions successfully	{"sessionMap": "<15 audio sessions>"}
2021-05-06 11:38:07.428	info	deej.sessions              	Got all audio sessions successfully	{"sessionMap": "<15 audio sessions>"}
2021-05-06 16:19:58.618	info	main                       	Version info	{"gitCommit": "7567f83", "versionTag": "v0.9.10", "buildType": "release"}
2021-05-06 16:19:58.625	info	deej.config                	Loaded config successfully
2021-05-06 16:19:58.625	info	deej.config                	Config values	{"sliderMapping": "<4 sliders mapped to 7 targets>", "connectionInfo": {"COMPort":"COM14","BaudRate":9600}, "invertSliders": false}
2021-05-06 16:19:58.798	info	deej.sessions              	Got all audio sessions successfully	{"sessionMap": "<22 audio sessions>"}
2021-05-06 16:19:58.939	info	deej                       	Run loop starting
2021-05-06 16:19:58.941	info	deej.serial.com14          	Connected	{"conn": {}}
2021-05-06 16:19:58.978	info	deej.serial.com14          	Detected sliders	{"amount": 4}
2021-05-07 02:25:43.104	info	deej.sessions              	Got all audio sessions successfully	{"sessionMap": "<18 audio sessions>"}
2021-05-07 12:50:12.100	info	main                       	Version info	{"gitCommit": "7567f83", "versionTag": "v0.9.10", "buildType": "release"}
2021-05-07 12:50:12.137	info	deej.config                	Loaded config successfully
2021-05-07 12:50:12.137	info	deej.config                	Config values	{"sliderMapping": "<4 sliders mapped to 7 targets>", "connectionInfo": {"COMPort":"COM14","BaudRate":9600}, "invertSliders": false}
2021-05-07 12:50:12.323	info	deej.sessions              	Got all audio sessions successfully	{"sessionMap": "<22 audio sessions>"}
2021-05-07 12:50:12.415	info	deej                       	Run loop starting
2021-05-07 12:50:12.421	info	deej.serial.com14          	Connected	{"conn": {}}
2021-05-07 12:50:12.512	info	deej.serial.com14          	Detected sliders	{"amount": 4}
2021-05-07 15:04:55.613	info	deej.sessions              	Got all audio sessions successfully	{"sessionMap": "<14 audio sessions>"}
2021-05-07 15:19:47.780	info	deej.sessions              	Got all audio sessions successfully	{"sessionMap": "<14 audio sessions>"}
2021-05-07 15:32:51.850	info	deej.sessions              	Got all audio sessions successfully	{"sessionMap": "<14 audio sessions>"}
2021-05-07 15:34:09.686	info	deej.sessions              	Got all audio sessions successfully	{"sessionMap": "<14 audio sessions>"}
2021-05-08 01:37:16.099	info	deej.sessions              	Got all audio sessions successfully	{"sessionMap": "<13 audio sessions>"}
2021-05-08 01:42:11.241	info	deej.sessions              	Got all audio sessions successfully	{"sessionMap": "<19 audio sessions>"}
2021-05-08 01:45:19.261	info	deej.sessions              	Got all audio sessions successfully	{"sessionMap": "<19 audio sessions>"}
2021-05-08 01:49:11.163	info	deej.sessions              	Got all audio sessions successfully	{"sessionMap": "<24 audio sessions>"}
2021-05-08 01:53:13.882	info	deej.sessions              	Got all audio sessions successfully	{"sessionMap": "<18 audio sessions>"}
2021-05-08 02:29:43.365	info	deej.sessions              	Got all audio sessions successfully	{"sessionMap": "<18 audio sessions>"}
2021-05-08 03:49:47.330	info	deej.sessions              	Got all audio sessions successfully	{"sessionMap": "<18 audio sessions>"}
2021-05-08 03:53:24.696	info	deej.sessions              	Got all audio sessions successfully	{"sessionMap": "<18 audio sessions>"}
2021-05-08 03:55:40.797	info	deej.sessions              	Got all audio sessions successfully	{"sessionMap": "<18 audio sessions>"}
2021-05-08 04:12:00.508	info	deej.sessions              	Got all audio sessions successfully	{"sessionMap": "<18 audio sessions>"}
2021-05-08 14:06:20.948	info	main                       	Version info	{"gitCommit": "7567f83", "versionTag": "v0.9.10", "buildType": "release"}
2021-05-08 14:06:20.960	info	deej.config                	Loaded config successfully
2021-05-08 14:06:20.960	info	deej.config                	Config values	{"sliderMapping": "<4 sliders mapped to 7 targets>", "connectionInfo": {"COMPort":"COM14","BaudRate":9600}, "invertSliders": false}
2021-05-08 14:06:21.085	info	deej.sessions              	Got all audio sessions successfully	{"sessionMap": "<18 audio sessions>"}
2021-05-08 14:06:21.181	info	deej                       	Run loop starting
2021-05-08 14:06:21.182	info	deej.serial.com14          	Connected	{"conn": {}}
2021-05-08 14:06:21.226	info	deej.serial.com14          	Detected sliders	{"amount": 4}
2021-05-08 15:18:06.504	info	deej.sessions              	Got all audio sessions successfully	{"sessionMap": "<18 audio sessions>"}
2021-05-09 02:00:25.322	info	deej.sessions              	Got all audio sessions successfully	{"sessionMap": "<22 audio sessions>"}
2021-05-09 02:42:49.355	info	deej.sessions              	Got all audio sessions successfully	{"sessionMap": "<19 audio sessions>"}
2021-05-09 03:39:59.839	info	deej.sessions              	Got all audio sessions successfully	{"sessionMap": "<20 audio sessions>"}
2021-05-09 04:09:11.077	info	deej.sessions              	Got all audio sessions successfully	{"sessionMap": "<16 audio sessions>"}
2021-05-09 04:09:22.052	info	deej.sessions              	Got all audio sessions successfully	{"sessionMap": "<16 audio sessions>"}
2021-05-09 04:12:27.368	info	deej.sessions              	Got all audio sessions successfully	{"sessionMap": "<21 audio sessions>"}
2021-05-09 04:46:15.253	info	deej.sessions              	Got all audio sessions successfully	{"sessionMap": "<16 audio sessions>"}
2021-05-09 04:47:03.628	info	deej.sessions              	Got all audio sessions successfully	{"sessionMap": "<16 audio sessions>"}
2021-05-09 13:05:50.448	info	main                       	Version info	{"gitCommit": "7567f83", "versionTag": "v0.9.10", "buildType": "release"}
2021-05-09 13:05:50.460	info	deej.config                	Loaded config successfully
2021-05-09 13:05:50.460	info	deej.config                	Config values	{"sliderMapping": "<4 sliders mapped to 7 targets>", "connectionInfo": {"COMPort":"COM14","BaudRate":9600}, "invertSliders": false}
2021-05-09 13:05:50.601	info	deej.sessions              	Got all audio sessions successfully	{"sessionMap": "<18 audio sessions>"}
2021-05-09 13:05:50.711	info	deej                       	Run loop starting
2021-05-09 13:05:50.713	info	deej.serial.com14          	Connected	{"conn": {}}
2021-05-09 13:05:50.719	info	deej.serial.com14          	Detected sliders	{"amount": 4}
2021-05-10 01:10:08.333	info	deej.sessions              	Got all audio sessions successfully	{"sessionMap": "<18 audio sessions>"}
2021-05-10 01:31:16.263	info	deej.sessions              	Got all audio sessions successfully	{"sessionMap": "<19 audio sessions>"}
2021-05-10 13:40:05.143	info	main                       	Version info	{"gitCommit": "7567f83", "versionTag": "v0.9.10", "buildType": "release"}
2021-05-10 13:40:05.162	info	deej.config                	Loaded config successfully
2021-05-10 13:40:05.162	info	deej.config                	Config values	{"sliderMapping": "<4 sliders mapped to 7 targets>", "connectionInfo": {"COMPort":"COM14","BaudRate":9600}, "invertSliders": false}
2021-05-10 13:40:05.270	info	deej.sessions              	Got all audio sessions successfully	{"sessionMap": "<18 audio sessions>"}
2021-05-10 13:40:05.408	info	deej                       	Run loop starting
2021-05-10 13:40:05.413	info	deej.serial.com14          	Connected	{"conn": {}}
2021-05-10 13:40:05.445	info	deej.serial.com14          	Detected sliders	{"amount": 4}
2021-05-11 03:19:20.318	info	main                       	Version info	{"gitCommit": "7567f83", "versionTag": "v0.9.10", "buildType": "release"}
2021-05-11 03:19:20.330	info	deej.config                	Loaded config successfully
2021-05-11 03:19:20.330	info	deej.config                	Config values	{"sliderMapping": "<4 sliders mapped to 7 targets>", "connectionInfo": {"COMPort":"COM14","BaudRate":9600}, "invertSliders": false}
2021-05-11 03:19:20.553	info	deej.sessions              	Got all audio sessions successfully	{"sessionMap": "<22 audio sessions>"}
2021-05-11 03:19:20.680	info	deej                       	Run loop starting
2021-05-11 03:19:20.691	info	deej.serial.com14          	Connected	{"conn": {}}
2021-05-11 03:19:20.711	info	deej.serial.com14          	Detected sliders	{"amount": 4}
2021-05-11 03:30:56.931	info	deej.sessions              	Got all audio sessions successfully	{"sessionMap": "<18 audio sessions>"}
2021-05-11 10:48:31.566	info	main                       	Version info	{"gitCommit": "7567f83", "versionTag": "v0.9.10", "buildType": "release"}
2021-05-11 10:48:31.578	info	deej.config                	Loaded config successfully
2021-05-11 10:48:31.578	info	deej.config                	Config values	{"sliderMapping": "<4 sliders mapped to 7 targets>", "connectionInfo": {"COMPort":"COM14","BaudRate":9600}, "invertSliders": false}
2021-05-11 10:48:31.835	info	deej.sessions              	Got all audio sessions successfully	{"sessionMap": "<27 audio sessions>"}
2021-05-11 10:48:31.945	info	deej                       	Run loop starting
2021-05-11 10:48:31.946	info	deej.serial.com14          	Connected	{"conn": {}}
2021-05-11 10:48:32.018	info	deej.serial.com14          	Detected sliders	{"amount": 4}
2021-05-11 15:39:57.374	info	deej.sessions              	Got all audio sessions successfully	{"sessionMap": "<15 audio sessions>"}
2021-05-11 16:14:59.273	info	deej.sessions              	Got all audio sessions successfully	{"sessionMap": "<15 audio sessions>"}
2021-05-11 23:12:43.177	info	deej.sessions              	Got all audio sessions successfully	{"sessionMap": "<17 audio sessions>"}
2021-05-12 00:01:37.569	info	deej.sessions              	Got all audio sessions successfully	{"sessionMap": "<16 audio sessions>"}
2021-05-12 04:19:12.666	info	deej.sessions              	Got all audio sessions successfully	{"sessionMap": "<18 audio sessions>"}
2021-05-12 04:20:40.030	info	deej.sessions              	Got all audio sessions successfully	{"sessionMap": "<18 audio sessions>"}
2021-05-12 04:29:28.313	info	deej.sessions              	Got all audio sessions successfully	{"sessionMap": "<17 audio sessions>"}
2021-05-12 12:54:54.641	info	main                       	Version info	{"gitCommit": "7567f83", "versionTag": "v0.9.10", "buildType": "release"}
2021-05-12 12:54:54.653	info	deej.config                	Loaded config successfully
2021-05-12 12:54:54.653	info	deej.config                	Config values	{"sliderMapping": "<4 sliders mapped to 7 targets>", "connectionInfo": {"COMPort":"COM14","BaudRate":9600}, "invertSliders": false}
2021-05-12 12:54:54.771	info	deej.sessions              	Got all audio sessions successfully	{"sessionMap": "<18 audio sessions>"}
2021-05-12 12:54:54.860	info	deej                       	Run loop starting
2021-05-12 12:54:54.861	info	deej.serial.com14          	Connected	{"conn": {}}
2021-05-12 12:54:54.912	info	deej.serial.com14          	Detected sliders	{"amount": 4}
2021-05-12 13:12:28.965	info	deej.sessions              	Got all audio sessions successfully	{"sessionMap": "<16 audio sessions>"}
2021-05-12 16:11:04.037	info	main                       	Version info	{"gitCommit": "7567f83", "versionTag": "v0.9.10", "buildType": "release"}
2021-05-12 16:11:04.050	info	deej.config                	Loaded config successfully
2021-05-12 16:11:04.050	info	deej.config                	Config values	{"sliderMapping": "<4 sliders mapped to 7 targets>", "connectionInfo": {"COMPort":"COM14","BaudRate":9600}, "invertSliders": false}
2021-05-12 16:11:04.200	info	deej.sessions              	Got all audio sessions successfully	{"sessionMap": "<22 audio sessions>"}
2021-05-12 16:11:04.359	info	deej                       	Run loop starting
2021-05-12 16:11:04.382	info	deej.serial.com14          	Connected	{"conn": {}}
2021-05-12 16:11:04.441	info	deej.serial.com14          	Detected sliders	{"amount": 4}
2021-05-12 16:32:55.434	info	deej.sessions              	Got all audio sessions successfully	{"sessionMap": "<18 audio sessions>"}
2021-05-12 16:34:33.846	info	deej.sessions              	Got all audio sessions successfully	{"sessionMap": "<17 audio sessions>"}
2021-05-12 16:35:59.321	info	deej.sessions              	Got all audio sessions successfully	{"sessionMap": "<16 audio sessions>"}
2021-05-12 16:49:34.307	info	deej.sessions              	Got all audio sessions successfully	{"sessionMap": "<16 audio sessions>"}
2021-05-12 16:54:06.033	info	deej.sessions              	Got all audio sessions successfully	{"sessionMap": "<16 audio sessions>"}
2021-05-12 16:56:58.673	info	deej.sessions              	Got all audio sessions successfully	{"sessionMap": "<16 audio sessions>"}
2021-05-12 16:58:26.865	info	deej.sessions              	Got all audio sessions successfully	{"sessionMap": "<16 audio sessions>"}
2021-05-13 03:45:59.672	info	deej.sessions              	Got all audio sessions successfully	{"sessionMap": "<26 audio sessions>"}
2021-05-13 03:52:24.475	info	deej.sessions              	Got all audio sessions successfully	{"sessionMap": "<22 audio sessions>"}
2021-05-13 04:01:47.348	info	deej.sessions              	Got all audio sessions successfully	{"sessionMap": "<23 audio sessions>"}
2021-05-13 04:02:35.292	info	deej.sessions              	Got all audio sessions successfully	{"sessionMap": "<23 audio sessions>"}
2021-05-13 04:13:49.798	info	deej.sessions              	Got all audio sessions successfully	{"sessionMap": "<22 audio sessions>"}
2021-05-13 04:30:50.187	info	deej.sessions              	Got all audio sessions successfully	{"sessionMap": "<22 audio sessions>"}
2021-05-13 10:31:45.622	info	main                       	Version info	{"gitCommit": "7567f83", "versionTag": "v0.9.10", "buildType": "release"}
2021-05-13 10:31:45.656	info	deej.config                	Loaded config successfully
2021-05-13 10:31:45.657	info	deej.config                	Config values	{"sliderMapping": "<4 sliders mapped to 7 targets>", "connectionInfo": {"COMPort":"COM14","BaudRate":9600}, "invertSliders": false}
2021-05-13 10:31:45.806	info	deej.sessions              	Got all audio sessions successfully	{"sessionMap": "<25 audio sessions>"}
2021-05-13 10:31:45.905	info	deej                       	Run loop starting
2021-05-13 10:31:45.908	info	deej.serial.com14          	Connected	{"conn": {}}
2021-05-13 10:31:45.935	info	deej.serial.com14          	Detected sliders	{"amount": 4}
2021-05-17 01:28:39.818	info	deej.sessions              	Got all audio sessions successfully	{"sessionMap": "<14 audio sessions>"}
2021-05-17 02:01:46.400	info	deej.sessions              	Got all audio sessions successfully	{"sessionMap": "<21 audio sessions>"}
2021-05-17 02:17:45.406	info	deej.sessions              	Got all audio sessions successfully	{"sessionMap": "<15 audio sessions>"}
2021-05-17 02:21:16.462	info	deej.sessions              	Got all audio sessions successfully	{"sessionMap": "<16 audio sessions>"}
2021-05-17 02:23:22.269	info	deej.sessions              	Got all audio sessions successfully	{"sessionMap": "<21 audio sessions>"}
2021-05-17 02:23:27.300	info	deej.sessions              	Got all audio sessions successfully	{"sessionMap": "<21 audio sessions>"}
2021-05-17 02:23:33.098	info	deej.sessions              	Got all audio sessions successfully	{"sessionMap": "<21 audio sessions>"}
2021-05-17 02:23:40.858	info	deej.sessions              	Got all audio sessions successfully	{"sessionMap": "<21 audio sessions>"}
2021-05-17 02:23:45.987	info	deej.sessions              	Got all audio sessions successfully	{"sessionMap": "<21 audio sessions>"}
2021-05-17 02:23:51.153	info	deej.sessions              	Got all audio sessions successfully	{"sessionMap": "<21 audio sessions>"}
2021-05-17 02:30:27.327	info	deej.sessions              	Got all audio sessions successfully	{"sessionMap": "<21 audio sessions>"}
2021-05-17 02:45:53.100	info	deej.sessions              	Got all audio sessions successfully	{"sessionMap": "<20 audio sessions>"}
2021-05-17 02:46:00.000	info	deej.sessions              	Got all audio sessions successfully	{"sessionMap": "<20 audio sessions>"}
2021-05-17 02:47:11.655	info	deej.sessions              	Got all audio sessions successfully	{"sessionMap": "<20 audio sessions>"}
2021-05-17 02:56:59.151	info	deej.sessions              	Got all audio sessions successfully	{"sessionMap": "<20 audio sessions>"}
2021-05-17 15:50:00.263	info	main                       	Version info	{"gitCommit": "7567f83", "versionTag": "v0.9.10", "buildType": "release"}
2021-05-17 15:50:00.285	info	deej.config                	Loaded config successfully
2021-05-17 15:50:00.285	info	deej.config                	Config values	{"sliderMapping": "<4 sliders mapped to 7 targets>", "connectionInfo": {"COMPort":"COM14","BaudRate":9600}, "invertSliders": false}
2021-05-17 15:50:00.547	info	deej.sessions              	Got all audio sessions successfully	{"sessionMap": "<21 audio sessions>"}
2021-05-17 15:50:00.685	info	deej                       	Run loop starting
2021-05-17 15:50:00.687	info	deej.serial.com14          	Connected	{"conn": {}}
2021-05-17 15:50:00.778	info	deej.serial.com14          	Detected sliders	{"amount": 4}
2021-05-17 17:42:09.685	info	deej.sessions              	Got all audio sessions successfully	{"sessionMap": "<18 audio sessions>"}
2021-05-17 17:42:14.941	info	deej.sessions              	Got all audio sessions successfully	{"sessionMap": "<18 audio sessions>"}
2021-05-18 00:34:05.074	info	deej.sessions              	Got all audio sessions successfully	{"sessionMap": "<17 audio sessions>"}
2021-05-18 00:43:00.421	info	deej.sessions              	Got all audio sessions successfully	{"sessionMap": "<19 audio sessions>"}
2021-05-18 00:57:28.614	info	deej.sessions              	Got all audio sessions successfully	{"sessionMap": "<20 audio sessions>"}
2021-05-18 01:09:52.558	info	deej.sessions              	Got all audio sessions successfully	{"sessionMap": "<20 audio sessions>"}
2021-05-18 01:20:34.028	info	deej.sessions              	Got all audio sessions successfully	{"sessionMap": "<17 audio sessions>"}
2021-05-18 01:22:16.837	info	deej.sessions              	Got all audio sessions successfully	{"sessionMap": "<17 audio sessions>"}
2021-05-18 01:32:47.405	info	deej.sessions              	Got all audio sessions successfully	{"sessionMap": "<28 audio sessions>"}
2021-05-18 02:02:27.682	info	deej.sessions              	Got all audio sessions successfully	{"sessionMap": "<21 audio sessions>"}
2021-05-18 02:08:38.059	info	deej.sessions              	Got all audio sessions successfully	{"sessionMap": "<20 audio sessions>"}
2021-05-18 02:43:34.638	info	deej.sessions              	Got all audio sessions successfully	{"sessionMap": "<15 audio sessions>"}
2021-05-18 10:54:16.907	info	main                       	Version info	{"gitCommit": "7567f83", "versionTag": "v0.9.10", "buildType": "release"}
2021-05-18 10:54:18.435	info	deej.config                	Loaded config successfully
2021-05-18 10:54:18.435	info	deej.config                	Config values	{"sliderMapping": "<4 sliders mapped to 7 targets>", "connectionInfo": {"COMPort":"COM14","BaudRate":9600}, "invertSliders": false}
2021-05-18 10:54:22.564	info	deej.sessions              	Got all audio sessions successfully	{"sessionMap": "<18 audio sessions>"}
2021-05-18 10:54:24.536	info	deej                       	Run loop starting
2021-05-18 10:54:24.569	info	deej.serial.com14          	Connected	{"conn": {}}
2021-05-18 10:54:24.612	info	deej.serial.com14          	Detected sliders	{"amount": 4}
2021-05-18 10:54:45.066	info	deej.sessions              	Got all audio sessions successfully	{"sessionMap": "<24 audio sessions>"}
2021-05-18 10:56:49.850	info	deej.sessions              	Got all audio sessions successfully	{"sessionMap": "<21 audio sessions>"}
2021-05-18 10:59:13.161	info	deej.sessions              	Got all audio sessions successfully	{"sessionMap": "<16 audio sessions>"}
2021-05-18 11:00:49.338	info	deej.sessions              	Got all audio sessions successfully	{"sessionMap": "<16 audio sessions>"}
2021-05-18 11:09:42.881	info	deej.sessions              	Got all audio sessions successfully	{"sessionMap": "<17 audio sessions>"}
2021-05-18 11:20:07.427	info	deej.sessions              	Got all audio sessions successfully	{"sessionMap": "<17 audio sessions>"}
2021-05-18 11:23:33.287	info	deej.sessions              	Got all audio sessions successfully	{"sessionMap": "<16 audio sessions>"}
2021-05-18 11:26:39.267	info	deej.sessions              	Got all audio sessions successfully	{"sessionMap": "<16 audio sessions>"}
2021-05-19 02:00:02.354	info	deej.sessions              	Got all audio sessions successfully	{"sessionMap": "<18 audio sessions>"}
2021-05-19 02:01:01.083	info	deej.sessions              	Got all audio sessions successfully	{"sessionMap": "<18 audio sessions>"}
2021-05-19 02:08:29.683	info	deej.sessions              	Got all audio sessions successfully	{"sessionMap": "<18 audio sessions>"}
2021-05-19 02:26:19.652	info	deej.sessions              	Got all audio sessions successfully	{"sessionMap": "<26 audio sessions>"}
2021-05-19 02:27:38.445	info	deej.sessions              	Got all audio sessions successfully	{"sessionMap": "<24 audio sessions>"}
2021-05-19 02:53:39.043	info	deej.sessions              	Got all audio sessions successfully	{"sessionMap": "<20 audio sessions>"}
2021-05-19 02:59:47.235	info	deej.sessions              	Got all audio sessions successfully	{"sessionMap": "<20 audio sessions>"}
2021-05-19 12:08:27.942	info	main                       	Version info	{"gitCommit": "7567f83", "versionTag": "v0.9.10", "buildType": "release"}
2021-05-19 12:08:28.432	info	deej.config                	Loaded config successfully
2021-05-19 12:08:28.469	info	deej.config                	Config values	{"sliderMapping": "<4 sliders mapped to 7 targets>", "connectionInfo": {"COMPort":"COM14","BaudRate":9600}, "invertSliders": false}
2021-05-19 12:08:29.221	info	deej.sessions              	Got all audio sessions successfully	{"sessionMap": "<23 audio sessions>"}
2021-05-19 12:08:31.422	info	deej                       	Run loop starting
2021-05-19 12:08:31.447	info	deej.serial.com14          	Connected	{"conn": {}}
2021-05-19 12:08:31.585	info	deej.serial.com14          	Detected sliders	{"amount": 4}
2021-05-19 12:30:55.674	info	deej.sessions              	Got all audio sessions successfully	{"sessionMap": "<15 audio sessions>"}
2021-05-19 13:03:04.221	info	deej.sessions              	Got all audio sessions successfully	{"sessionMap": "<16 audio sessions>"}
2021-05-19 14:18:13.164	info	deej.sessions              	Got all audio sessions successfully	{"sessionMap": "<17 audio sessions>"}
2021-05-19 14:20:25.852	info	deej.tray                  	Quit menu item clicked, stopping
2021-05-19 14:20:25.852	info	deej                       	Stopping
2021-05-19 14:21:15.899	info	main                       	Version info	{"gitCommit": "7567f83", "versionTag": "v0.9.10", "buildType": "release"}
2021-05-19 14:21:15.908	info	deej.config                	Loaded config successfully
2021-05-19 14:21:15.908	info	deej.config                	Config values	{"sliderMapping": "<4 sliders mapped to 7 targets>", "connectionInfo": {"COMPort":"COM14","BaudRate":9600}, "invertSliders": false}
2021-05-19 14:21:15.979	info	deej.sessions              	Got all audio sessions successfully	{"sessionMap": "<17 audio sessions>"}
2021-05-19 14:21:16.062	info	deej                       	Run loop starting
2021-05-19 14:21:16.069	info	deej.serial.com14          	Connected	{"conn": {}}
2021-05-19 14:21:47.622	info	main                       	Version info	{"gitCommit": "7567f83", "versionTag": "v0.9.10", "buildType": "release"}
2021-05-19 14:21:47.625	info	deej.config                	Loaded config successfully
2021-05-19 14:21:47.625	info	deej.config                	Config values	{"sliderMapping": "<4 sliders mapped to 7 targets>", "connectionInfo": {"COMPort":"COM14","BaudRate":9600}, "invertSliders": false}
2021-05-19 14:21:47.721	info	deej.sessions              	Got all audio sessions successfully	{"sessionMap": "<17 audio sessions>"}
2021-05-19 14:21:47.779	info	deej                       	Run loop starting
2021-05-19 14:21:47.786	info	deej.serial.com14          	Connected	{"conn": {}}
2021-05-19 14:22:03.820	info	deej.tray                  	Refresh sessions menu item clicked, triggering session map refresh
2021-05-19 14:22:03.874	info	deej.sessions              	Got all audio sessions successfully	{"sessionMap": "<17 audio sessions>"}
2021-05-19 14:22:20.300	info	deej.tray                  	Quit menu item clicked, stopping
2021-05-19 14:22:20.300	info	deej                       	Stopping
2021-05-19 14:23:21.249	info	main                       	Version info	{"gitCommit": "7567f83", "versionTag": "v0.9.10", "buildType": "release"}
2021-05-19 14:23:21.252	info	deej.config                	Loaded config successfully
2021-05-19 14:23:21.252	info	deej.config                	Config values	{"sliderMapping": "<4 sliders mapped to 7 targets>", "connectionInfo": {"COMPort":"COM14","BaudRate":9600}, "invertSliders": false}
2021-05-19 14:23:21.330	info	deej.sessions              	Got all audio sessions successfully	{"sessionMap": "<17 audio sessions>"}
2021-05-19 14:23:21.395	info	deej                       	Run loop starting
2021-05-19 14:23:21.402	info	deej.serial.com14          	Connected	{"conn": {}}
2021-05-19 14:23:21.460	info	deej.serial.com14          	Detected sliders	{"amount": 4}
2021-05-19 14:23:26.538	info	deej.sessions              	Got all audio sessions successfully	{"sessionMap": "<17 audio sessions>"}
2021-05-19 16:03:38.109	info	deej.sessions              	Got all audio sessions successfully	{"sessionMap": "<16 audio sessions>"}
2021-05-19 16:07:40.381	info	deej.sessions              	Got all audio sessions successfully	{"sessionMap": "<17 audio sessions>"}
2021-05-19 16:50:07.588	info	deej.sessions              	Got all audio sessions successfully	{"sessionMap": "<17 audio sessions>"}
2021-05-19 17:50:06.616	info	deej.sessions              	Got all audio sessions successfully	{"sessionMap": "<17 audio sessions>"}
2021-05-19 18:32:06.285	info	deej.sessions              	Got all audio sessions successfully	{"sessionMap": "<17 audio sessions>"}
2021-05-19 18:34:13.959	info	deej.sessions              	Got all audio sessions successfully	{"sessionMap": "<17 audio sessions>"}
2021-05-19 18:47:02.140	info	deej.sessions              	Got all audio sessions successfully	{"sessionMap": "<17 audio sessions>"}
2021-05-19 20:29:49.392	info	deej.sessions              	Got all audio sessions successfully	{"sessionMap": "<19 audio sessions>"}
2021-05-19 20:31:09.584	info	deej.sessions              	Got all audio sessions successfully	{"sessionMap": "<19 audio sessions>"}
2021-05-19 22:59:23.886	info	deej.sessions              	Got all audio sessions successfully	{"sessionMap": "<19 audio sessions>"}
2021-05-19 23:00:09.425	info	deej.sessions              	Got all audio sessions successfully	{"sessionMap": "<19 audio sessions>"}
2021-05-19 23:30:50.208	info	deej.sessions              	Got all audio sessions successfully	{"sessionMap": "<19 audio sessions>"}
2021-05-20 00:29:30.339	info	deej.sessions              	Got all audio sessions successfully	{"sessionMap": "<20 audio sessions>"}
2021-05-20 00:32:39.439	info	deej.sessions              	Got all audio sessions successfully	{"sessionMap": "<20 audio sessions>"}
2021-05-20 00:46:08.914	info	deej.sessions              	Got all audio sessions successfully	{"sessionMap": "<19 audio sessions>"}
2021-05-20 02:16:58.637	info	deej.sessions              	Got all audio sessions successfully	{"sessionMap": "<18 audio sessions>"}
2021-05-20 02:20:38.829	info	deej.sessions              	Got all audio sessions successfully	{"sessionMap": "<19 audio sessions>"}
2021-05-20 02:26:05.836	info	deej.sessions              	Got all audio sessions successfully	{"sessionMap": "<22 audio sessions>"}
2021-05-20 10:31:45.507	info	main                       	Version info	{"gitCommit": "7567f83", "versionTag": "v0.9.10", "buildType": "release"}
2021-05-20 10:31:45.570	info	deej.config                	Loaded config successfully
2021-05-20 10:31:45.571	info	deej.config                	Config values	{"sliderMapping": "<4 sliders mapped to 7 targets>", "connectionInfo": {"COMPort":"COM14","BaudRate":9600}, "invertSliders": false}
2021-05-20 10:31:45.887	info	deej.sessions              	Got all audio sessions successfully	{"sessionMap": "<24 audio sessions>"}
2021-05-20 10:31:45.991	info	deej                       	Run loop starting
2021-05-20 10:31:45.992	info	deej.serial.com14          	Connected	{"conn": {}}
2021-05-20 10:31:46.045	info	deej.serial.com14          	Detected sliders	{"amount": 4}
2021-05-20 10:32:33.304	info	deej.sessions              	Got all audio sessions successfully	{"sessionMap": "<24 audio sessions>"}
2021-05-20 11:02:16.739	info	deej.sessions              	Got all audio sessions successfully	{"sessionMap": "<17 audio sessions>"}
2021-05-20 19:41:23.831	info	deej.sessions              	Got all audio sessions successfully	{"sessionMap": "<17 audio sessions>"}
2021-05-20 21:54:56.024	info	deej.sessions              	Got all audio sessions successfully	{"sessionMap": "<17 audio sessions>"}
2021-05-20 22:26:30.475	info	deej.sessions              	Got all audio sessions successfully	{"sessionMap": "<17 audio sessions>"}
2021-05-21 00:12:31.287	info	deej.sessions              	Got all audio sessions successfully	{"sessionMap": "<17 audio sessions>"}
2021-05-21 01:36:08.011	info	deej.sessions              	Got all audio sessions successfully	{"sessionMap": "<17 audio sessions>"}
2021-05-21 01:48:00.432	info	deej.sessions              	Got all audio sessions successfully	{"sessionMap": "<21 audio sessions>"}
2021-05-21 01:51:07.776	info	deej.sessions              	Got all audio sessions successfully	{"sessionMap": "<21 audio sessions>"}
2021-05-21 02:27:44.351	info	deej.sessions              	Got all audio sessions successfully	{"sessionMap": "<21 audio sessions>"}
2021-05-21 02:38:51.582	info	deej.sessions              	Got all audio sessions successfully	{"sessionMap": "<21 audio sessions>"}
2021-05-21 04:08:45.978	info	deej.sessions              	Got all audio sessions successfully	{"sessionMap": "<21 audio sessions>"}
2021-05-21 04:08:52.131	info	deej.sessions              	Got all audio sessions successfully	{"sessionMap": "<19 audio sessions>"}
2021-05-21 18:57:35.169	info	main                       	Version info	{"gitCommit": "7567f83", "versionTag": "v0.9.10", "buildType": "release"}
2021-05-21 18:57:35.220	info	deej.config                	Loaded config successfully
2021-05-21 18:57:35.224	info	deej.config                	Config values	{"sliderMapping": "<4 sliders mapped to 7 targets>", "connectionInfo": {"COMPort":"COM14","BaudRate":9600}, "invertSliders": false}
2021-05-21 18:57:35.481	info	deej.sessions              	Got all audio sessions successfully	{"sessionMap": "<19 audio sessions>"}
2021-05-21 18:57:35.604	info	deej                       	Run loop starting
2021-05-21 18:57:35.605	info	deej.serial.com14          	Connected	{"conn": {}}
2021-05-21 18:57:35.631	info	deej.serial.com14          	Detected sliders	{"amount": 4}
2021-05-21 19:09:45.692	info	deej.sessions              	Got all audio sessions successfully	{"sessionMap": "<17 audio sessions>"}
2021-05-21 21:06:28.246	info	deej.sessions              	Got all audio sessions successfully	{"sessionMap": "<18 audio sessions>"}
2021-05-22 01:17:53.008	info	main                       	Version info	{"gitCommit": "7567f83", "versionTag": "v0.9.10", "buildType": "release"}
2021-05-22 01:17:53.026	info	deej.config                	Loaded config successfully
2021-05-22 01:17:53.027	info	deej.config                	Config values	{"sliderMapping": "<4 sliders mapped to 7 targets>", "connectionInfo": {"COMPort":"COM14","BaudRate":9600}, "invertSliders": false}
2021-05-22 01:17:53.224	info	deej.sessions              	Got all audio sessions successfully	{"sessionMap": "<25 audio sessions>"}
2021-05-22 01:17:53.392	info	deej                       	Run loop starting
2021-05-22 01:17:53.407	info	deej.serial.com14          	Connected	{"conn": {}}
2021-05-22 01:17:53.469	info	deej.serial.com14          	Detected sliders	{"amount": 4}
2021-05-22 02:16:50.668	info	deej.sessions              	Got all audio sessions successfully	{"sessionMap": "<19 audio sessions>"}
2021-05-22 11:53:50.353	info	main                       	Version info	{"gitCommit": "7567f83", "versionTag": "v0.9.10", "buildType": "release"}
2021-05-22 11:53:50.387	info	deej.config                	Loaded config successfully
2021-05-22 11:53:50.387	info	deej.config                	Config values	{"sliderMapping": "<4 sliders mapped to 7 targets>", "connectionInfo": {"COMPort":"COM14","BaudRate":9600}, "invertSliders": false}
2021-05-22 11:53:50.549	info	deej.sessions              	Got all audio sessions successfully	{"sessionMap": "<21 audio sessions>"}
2021-05-22 11:53:50.690	info	deej                       	Run loop starting
2021-05-22 11:53:50.692	info	deej.serial.com14          	Connected	{"conn": {}}
2021-05-22 11:53:50.772	info	deej.serial.com14          	Detected sliders	{"amount": 4}
2021-05-22 23:10:38.181	info	deej.sessions              	Got all audio sessions successfully	{"sessionMap": "<18 audio sessions>"}
2021-05-23 14:08:15.800	info	main                       	Version info	{"gitCommit": "7567f83", "versionTag": "v0.9.10", "buildType": "release"}
2021-05-23 14:08:17.315	info	deej.config                	Loaded config successfully
2021-05-23 14:08:17.315	info	deej.config                	Config values	{"sliderMapping": "<4 sliders mapped to 7 targets>", "connectionInfo": {"COMPort":"COM14","BaudRate":9600}, "invertSliders": false}
2021-05-23 14:08:18.453	info	deej.sessions              	Got all audio sessions successfully	{"sessionMap": "<27 audio sessions>"}
2021-05-23 14:08:19.836	info	deej                       	Run loop starting
2021-05-23 14:08:19.975	info	deej.serial.com14          	Connected	{"conn": {}}
2021-05-23 14:08:20.291	info	deej.serial.com14          	Detected sliders	{"amount": 4}
2021-05-23 17:11:45.644	info	deej.sessions              	Got all audio sessions successfully	{"sessionMap": "<15 audio sessions>"}
2021-05-23 17:18:03.418	info	deej.sessions              	Got all audio sessions successfully	{"sessionMap": "<16 audio sessions>"}
2021-05-24 04:04:49.938	info	deej.sessions              	Got all audio sessions successfully	{"sessionMap": "<19 audio sessions>"}
2021-05-24 04:05:43.483	info	deej.sessions              	Got all audio sessions successfully	{"sessionMap": "<19 audio sessions>"}
2021-05-24 05:11:24.595	info	deej.sessions              	Got all audio sessions successfully	{"sessionMap": "<15 audio sessions>"}
2021-05-24 05:20:57.582	info	deej.sessions              	Got all audio sessions successfully	{"sessionMap": "<15 audio sessions>"}
2021-05-24 13:50:58.201	info	main                       	Version info	{"gitCommit": "7567f83", "versionTag": "v0.9.10", "buildType": "release"}
2021-05-24 13:50:58.553	info	deej.config                	Loaded config successfully
2021-05-24 13:50:58.553	info	deej.config                	Config values	{"sliderMapping": "<4 sliders mapped to 7 targets>", "connectionInfo": {"COMPort":"COM14","BaudRate":9600}, "invertSliders": false}
2021-05-24 13:50:58.978	info	deej.sessions              	Got all audio sessions successfully	{"sessionMap": "<15 audio sessions>"}
2021-05-24 13:50:59.268	info	deej                       	Run loop starting
2021-05-24 13:50:59.270	info	deej.serial.com14          	Connected	{"conn": {}}
2021-05-24 13:50:59.363	info	deej.serial.com14          	Detected sliders	{"amount": 4}
2021-05-25 16:49:58.420	info	main                       	Version info	{"gitCommit": "7567f83", "versionTag": "v0.9.10", "buildType": "release"}
2021-05-25 16:49:58.442	info	deej.config                	Loaded config successfully
2021-05-25 16:49:58.442	info	deej.config                	Config values	{"sliderMapping": "<4 sliders mapped to 7 targets>", "connectionInfo": {"COMPort":"COM14","BaudRate":9600}, "invertSliders": false}
2021-05-25 16:49:58.583	info	deej.sessions              	Got all audio sessions successfully	{"sessionMap": "<18 audio sessions>"}
2021-05-25 16:49:58.745	info	deej                       	Run loop starting
2021-05-25 16:49:58.746	info	deej.serial.com14          	Connected	{"conn": {}}
2021-05-25 16:49:58.812	info	deej.serial.com14          	Detected sliders	{"amount": 4}
2021-05-26 01:21:39.116	info	deej.sessions              	Got all audio sessions successfully	{"sessionMap": "<18 audio sessions>"}
2021-05-26 02:09:02.210	info	deej.sessions              	Got all audio sessions successfully	{"sessionMap": "<20 audio sessions>"}
2021-05-26 03:06:35.393	info	deej.sessions              	Got all audio sessions successfully	{"sessionMap": "<19 audio sessions>"}
2021-05-26 03:08:33.886	info	deej.sessions              	Got all audio sessions successfully	{"sessionMap": "<19 audio sessions>"}
2021-05-26 03:09:29.182	info	deej.sessions              	Got all audio sessions successfully	{"sessionMap": "<19 audio sessions>"}
2021-05-26 03:11:53.450	info	deej.sessions              	Got all audio sessions successfully	{"sessionMap": "<19 audio sessions>"}
2021-05-26 03:13:00.220	info	deej.sessions              	Got all audio sessions successfully	{"sessionMap": "<19 audio sessions>"}
2021-05-26 03:34:33.701	info	deej.sessions              	Got all audio sessions successfully	{"sessionMap": "<24 audio sessions>"}
2021-05-26 03:37:10.417	info	deej.sessions              	Got all audio sessions successfully	{"sessionMap": "<20 audio sessions>"}
2021-05-26 03:58:11.090	info	deej.sessions              	Got all audio sessions successfully	{"sessionMap": "<19 audio sessions>"}
2021-05-26 13:06:43.872	info	main                       	Version info	{"gitCommit": "7567f83", "versionTag": "v0.9.10", "buildType": "release"}
2021-05-26 13:06:44.054	info	deej.config                	Loaded config successfully
2021-05-26 13:06:44.054	info	deej.config                	Config values	{"sliderMapping": "<4 sliders mapped to 7 targets>", "connectionInfo": {"COMPort":"COM14","BaudRate":9600}, "invertSliders": false}
2021-05-26 13:06:45.962	info	deej.sessions              	Got all audio sessions successfully	{"sessionMap": "<28 audio sessions>"}
2021-05-26 13:06:51.935	info	deej                       	Run loop starting
2021-05-26 13:06:51.998	info	deej.serial.com14          	Connected	{"conn": {}}
2021-05-26 13:06:52.035	info	deej.serial.com14          	Detected sliders	{"amount": 4}
2021-05-26 13:06:52.431	info	deej.sessions              	Got all audio sessions successfully	{"sessionMap": "<28 audio sessions>"}
2021-05-26 13:08:50.410	info	deej.sessions              	Got all audio sessions successfully	{"sessionMap": "<23 audio sessions>"}
2021-05-26 13:32:54.385	info	deej.sessions              	Got all audio sessions successfully	{"sessionMap": "<15 audio sessions>"}
2021-05-26 13:34:13.863	info	deej.sessions              	Got all audio sessions successfully	{"sessionMap": "<15 audio sessions>"}
2021-05-26 14:50:23.904	info	deej.sessions              	Got all audio sessions successfully	{"sessionMap": "<16 audio sessions>"}
2021-05-26 14:57:22.829	info	deej.sessions              	Got all audio sessions successfully	{"sessionMap": "<15 audio sessions>"}
2021-05-26 15:24:13.674	info	deej.sessions              	Got all audio sessions successfully	{"sessionMap": "<15 audio sessions>"}
2021-05-26 23:00:08.577	info	deej.sessions              	Got all audio sessions successfully	{"sessionMap": "<17 audio sessions>"}
2021-05-26 23:04:00.155	info	deej.sessions              	Got all audio sessions successfully	{"sessionMap": "<16 audio sessions>"}
2021-05-27 10:24:25.498	info	main                       	Version info	{"gitCommit": "7567f83", "versionTag": "v0.9.10", "buildType": "release"}
2021-05-27 10:24:25.526	info	deej.config                	Loaded config successfully
2021-05-27 10:24:25.526	info	deej.config                	Config values	{"sliderMapping": "<4 sliders mapped to 7 targets>", "connectionInfo": {"COMPort":"COM14","BaudRate":9600}, "invertSliders": false}
2021-05-27 10:24:26.251	info	deej.sessions              	Got all audio sessions successfully	{"sessionMap": "<27 audio sessions>"}
2021-05-27 10:24:26.566	info	deej                       	Run loop starting
2021-05-27 10:24:26.569	info	deej.serial.com14          	Connected	{"conn": {}}
2021-05-27 10:24:26.574	info	deej.serial.com14          	Detected sliders	{"amount": 4}
2021-05-28 00:11:20.156	info	deej.sessions              	Got all audio sessions successfully	{"sessionMap": "<18 audio sessions>"}
2021-05-28 01:23:59.361	info	deej.sessions              	Got all audio sessions successfully	{"sessionMap": "<18 audio sessions>"}
2021-05-28 01:42:22.959	info	deej.sessions              	Got all audio sessions successfully	{"sessionMap": "<17 audio sessions>"}
2021-05-28 01:50:53.655	info	deej.sessions              	Got all audio sessions successfully	{"sessionMap": "<17 audio sessions>"}
2021-05-28 01:52:00.994	info	deej.sessions              	Got all audio sessions successfully	{"sessionMap": "<17 audio sessions>"}
2021-05-28 01:53:54.257	info	deej.sessions              	Got all audio sessions successfully	{"sessionMap": "<17 audio sessions>"}
2021-05-28 02:01:34.009	info	deej.sessions              	Got all audio sessions successfully	{"sessionMap": "<23 audio sessions>"}
2021-05-28 02:38:04.850	info	deej.sessions              	Got all audio sessions successfully	{"sessionMap": "<19 audio sessions>"}
2021-05-28 02:39:00.017	info	deej.sessions              	Got all audio sessions successfully	{"sessionMap": "<19 audio sessions>"}
2021-05-28 02:43:44.098	info	deej.sessions              	Got all audio sessions successfully	{"sessionMap": "<26 audio sessions>"}
2021-05-28 03:03:49.188	info	deej.sessions              	Got all audio sessions successfully	{"sessionMap": "<22 audio sessions>"}
2021-05-28 03:05:23.492	info	deej.sessions              	Got all audio sessions successfully	{"sessionMap": "<23 audio sessions>"}
2021-05-28 03:06:09.008	info	deej.sessions              	Got all audio sessions successfully	{"sessionMap": "<23 audio sessions>"}
2021-05-28 03:07:57.997	info	deej.sessions              	Got all audio sessions successfully	{"sessionMap": "<23 audio sessions>"}
2021-05-28 03:10:58.280	info	deej.sessions              	Got all audio sessions successfully	{"sessionMap": "<22 audio sessions>"}
2021-05-28 03:55:41.204	info	deej.sessions              	Got all audio sessions successfully	{"sessionMap": "<21 audio sessions>"}
2021-05-28 04:04:33.497	info	deej.sessions              	Got all audio sessions successfully	{"sessionMap": "<17 audio sessions>"}
2021-05-28 04:10:17.022	info	deej.sessions              	Got all audio sessions successfully	{"sessionMap": "<17 audio sessions>"}
2021-05-28 13:53:18.815	info	main                       	Version info	{"gitCommit": "7567f83", "versionTag": "v0.9.10", "buildType": "release"}
2021-05-28 13:53:18.934	info	deej.config                	Loaded config successfully
2021-05-28 13:53:18.934	info	deej.config                	Config values	{"sliderMapping": "<4 sliders mapped to 7 targets>", "connectionInfo": {"COMPort":"COM14","BaudRate":9600}, "invertSliders": false}
2021-05-28 13:53:19.388	info	deej.sessions              	Got all audio sessions successfully	{"sessionMap": "<22 audio sessions>"}
2021-05-28 13:53:19.936	info	deej                       	Run loop starting
2021-05-28 13:53:19.939	info	deej.serial.com14          	Connected	{"conn": {}}
2021-05-28 13:53:19.952	info	deej.serial.com14          	Detected sliders	{"amount": 4}
2021-05-28 22:12:00.697	info	deej.sessions              	Got all audio sessions successfully	{"sessionMap": "<26 audio sessions>"}
2021-05-28 22:14:09.585	info	deej.sessions              	Got all audio sessions successfully	{"sessionMap": "<20 audio sessions>"}
2021-05-28 23:07:57.255	info	deej.sessions              	Got all audio sessions successfully	{"sessionMap": "<16 audio sessions>"}
2021-05-28 23:09:39.672	info	deej.sessions              	Got all audio sessions successfully	{"sessionMap": "<16 audio sessions>"}
2021-05-28 23:13:03.903	info	deej.sessions              	Got all audio sessions successfully	{"sessionMap": "<16 audio sessions>"}
2021-05-28 23:22:16.973	info	deej.sessions              	Got all audio sessions successfully	{"sessionMap": "<16 audio sessions>"}
